2022/07/30 15:41:28 [error] 12688#2252: *1 CreateFile() "C:\nginx-1.23.1/html/favicon.ico" failed (2: The system cannot find the file specified), client: 127.0.0.1, server: localhost, request: "GET /favicon.ico HTTP/1.1", host: "localhost", referrer: "http://localhost/"
2022/07/30 16:06:38 [emerg] 4236#4456: CreateFile() "C:\Users\User\IdeaProjects\netology\src\netology\jd\springboot\lesson2\homework1\nginx/conf/nginx.conf" failed (2: The system cannot find the file specified)
2022/07/30 16:10:34 [emerg] 15640#7320: CreateFile() "C:\Users\User\IdeaProjects\netology\src\netology\jd\springboot\lesson2\homework1\nginx/conf/nginx.conf" failed (2: The system cannot find the file specified)
2022/07/30 16:10:35 [emerg] 7848#4464: CreateFile() "C:\Users\User\IdeaProjects\netology\src\netology\jd\springboot\lesson2\homework1\nginx/conf/nginx.conf" failed (2: The system cannot find the file specified)
2022/07/30 16:21:22 [emerg] 3064#15524: CreateFile() "C:\Users\User\IdeaProjects\netology\src\netology\jd\springboot\lesson2\homework1\nginx/conf/nginx.conf" failed (2: The system cannot find the file specified)
2022/07/30 16:21:23 [emerg] 5176#6592: CreateFile() "C:\Users\User\IdeaProjects\netology\src\netology\jd\springboot\lesson2\homework1\nginx/conf/nginx.conf" failed (2: The system cannot find the file specified)
2022/07/30 16:21:37 [emerg] 4016#2364: CreateFile() "C:\Users\User\IdeaProjects\netology\src\netology\jd\springboot\lesson2\homework1\nginx/conf/nginx.conf" failed (2: The system cannot find the file specified)
2022/07/30 16:21:38 [emerg] 13324#11520: CreateFile() "C:\Users\User\IdeaProjects\netology\src\netology\jd\springboot\lesson2\homework1\nginx/conf/nginx.conf" failed (2: The system cannot find the file specified)
2022/07/30 16:21:43 [emerg] 2124#12816: CreateFile() "C:\Users\User\IdeaProjects\netology\src\netology\jd\springboot\lesson2\homework1\nginx/conf/nginx.conf" failed (2: The system cannot find the file specified)
2022/07/30 16:24:21 [error] 11788#15732: *1 CreateFile() "C:\Users\User\IdeaProjects\netology\src\netology\jd\springboot\lesson2\homework1\nginx/html/favicon.ico" failed (2: The system cannot find the file specified), client: 127.0.0.1, server: localhost, request: "GET /favicon.ico HTTP/1.1", host: "localhost", referrer: "http://localhost/"
2022/07/30 16:25:50 [error] 11788#15732: *3 CreateFile() "C:\Users\User\IdeaProjects\netology\src\netology\jd\springboot\lesson2\homework1\nginx/html/authorize" failed (2: The system cannot find the file specified), client: 127.0.0.1, server: localhost, request: "GET /authorize?user=dffgg&password=hhh HTTP/1.1", host: "localhost", referrer: "http://localhost/"
2022/07/30 16:25:57 [emerg] 12680#15060: CreateFile() "C:\Users\User\IdeaProjects\netology\src\netology\jd\springboot\lesson2\homework1\nginx/conf/nginx.conf" failed (2: The system cannot find the file specified)
2022/07/30 16:25:58 [emerg] 13736#10344: CreateFile() "C:\Users\User\IdeaProjects\netology\src\netology\jd\springboot\lesson2\homework1\nginx/conf/nginx.conf" failed (2: The system cannot find the file specified)
2022/07/30 16:25:59 [emerg] 5456#13696: CreateFile() "C:\Users\User\IdeaProjects\netology\src\netology\jd\springboot\lesson2\homework1\nginx/conf/nginx.conf" failed (2: The system cannot find the file specified)
2022/07/30 16:26:00 [emerg] 15476#9732: CreateFile() "C:\Users\User\IdeaProjects\netology\src\netology\jd\springboot\lesson2\homework1\nginx/conf/nginx.conf" failed (2: The system cannot find the file specified)
2022/07/30 16:26:21 [error] 11788#15732: *3 CreateFile() "C:\Users\User\IdeaProjects\netology\src\netology\jd\springboot\lesson2\homework1\nginx/html/authorize" failed (2: The system cannot find the file specified), client: 127.0.0.1, server: localhost, request: "GET /authorize?user=dcddcd&password=dcdcdd HTTP/1.1", host: "localhost", referrer: "http://localhost/"
2022/07/30 16:26:30 [error] 11788#15732: *3 CreateFile() "C:\Users\User\IdeaProjects\netology\src\netology\jd\springboot\lesson2\homework1\nginx/html/authorize" failed (2: The system cannot find the file specified), client: 127.0.0.1, server: localhost, request: "GET /authorize?user=dcddcd&password=dcdcdd HTTP/1.1", host: "localhost", referrer: "http://localhost/"
2022/07/30 16:26:33 [error] 11788#15732: *3 CreateFile() "C:\Users\User\IdeaProjects\netology\src\netology\jd\springboot\lesson2\homework1\nginx/html/authorize" failed (2: The system cannot find the file specified), client: 127.0.0.1, server: localhost, request: "GET /authorize?user=dcddcd&password=dcdcdd HTTP/1.1", host: "localhost", referrer: "http://localhost/"
2022/07/30 16:28:34 [emerg] 15464#13180: CreateFile() "C:\Users\User\IdeaProjects\netology\src\netology\jd\springboot\lesson2\homework1\nginx/conf/nginx.conf" failed (2: The system cannot find the file specified)
2022/07/30 16:28:35 [emerg] 6316#15008: CreateFile() "C:\Users\User\IdeaProjects\netology\src\netology\jd\springboot\lesson2\homework1\nginx/conf/nginx.conf" failed (2: The system cannot find the file specified)
2022/07/30 16:28:36 [emerg] 10432#10544: CreateFile() "C:\Users\User\IdeaProjects\netology\src\netology\jd\springboot\lesson2\homework1\nginx/conf/nginx.conf" failed (2: The system cannot find the file specified)
2022/07/30 16:28:37 [emerg] 12244#16156: CreateFile() "C:\Users\User\IdeaProjects\netology\src\netology\jd\springboot\lesson2\homework1\nginx/conf/nginx.conf" failed (2: The system cannot find the file specified)
2022/07/30 16:28:38 [emerg] 5196#6952: CreateFile() "C:\Users\User\IdeaProjects\netology\src\netology\jd\springboot\lesson2\homework1\nginx/conf/nginx.conf" failed (2: The system cannot find the file specified)
2022/07/30 16:28:39 [emerg] 6824#1616: CreateFile() "C:\Users\User\IdeaProjects\netology\src\netology\jd\springboot\lesson2\homework1\nginx/conf/nginx.conf" failed (2: The system cannot find the file specified)
2022/07/30 16:28:42 [emerg] 15076#1908: CreateFile() "C:\Users\User\IdeaProjects\netology\src\netology\jd\springboot\lesson2\homework1\nginx/conf/nginx.conf" failed (2: The system cannot find the file specified)
2022/07/30 16:33:21 [emerg] 13076#472: CreateFile() "C:\Users\User\IdeaProjects\netology\src\netology\jd\springboot\lesson2\homework1\nginx/conf/nginx.conf" failed (2: The system cannot find the file specified)
2022/07/30 16:33:22 [emerg] 15016#3060: CreateFile() "C:\Users\User\IdeaProjects\netology\src\netology\jd\springboot\lesson2\homework1\nginx/conf/nginx.conf" failed (2: The system cannot find the file specified)
2022/07/30 16:33:25 [emerg] 13480#12108: CreateFile() "C:\Users\User\IdeaProjects\netology\src\netology\jd\springboot\lesson2\homework1\nginx/conf/nginx.conf" failed (2: The system cannot find the file specified)
2022/07/30 16:34:54 [emerg] 520#10328: CreateFile() "C:\Users\User\IdeaProjects\netology\src\netology\jd\springboot\lesson2\homework1\nginx/conf/nginx.conf" failed (2: The system cannot find the file specified)
2022/07/30 16:34:55 [emerg] 11816#1952: CreateFile() "C:\Users\User\IdeaProjects\netology\src\netology\jd\springboot\lesson2\homework1\nginx/conf/nginx.conf" failed (2: The system cannot find the file specified)
2022/07/30 16:35:00 [emerg] 10836#11976: CreateFile() "C:\Users\User\IdeaProjects\netology\src\netology\jd\springboot\lesson2\homework1\nginx/conf/nginx.conf" failed (2: The system cannot find the file specified)
2022/07/30 16:36:36 [emerg] 12040#7796: CreateFile() "C:\Users\User\IdeaProjects\netology\src\netology\jd\springboot\lesson2\homework1\nginx/conf/nginx.conf" failed (2: The system cannot find the file specified)
2022/07/30 16:36:41 [emerg] 15888#760: CreateFile() "C:\Users\User\IdeaProjects\netology\src\netology\jd\springboot\lesson2\homework1\nginx/conf/nginx.conf" failed (2: The system cannot find the file specified)
2022/07/30 16:41:43 [emerg] 12060#10844: CreateFile() "C:\Users\User\IdeaProjects\netology\src\netology\jd\springboot\lesson2\homework1\nginx/conf/nginx.conf" failed (2: The system cannot find the file specified)
2022/07/30 16:41:44 [emerg] 8356#13780: CreateFile() "C:\Users\User\IdeaProjects\netology\src\netology\jd\springboot\lesson2\homework1\nginx/conf/nginx.conf" failed (2: The system cannot find the file specified)
2022/07/30 16:41:47 [emerg] 13240#15860: CreateFile() "C:\Users\User\IdeaProjects\netology\src\netology\jd\springboot\lesson2\homework1\nginx/conf/nginx.conf" failed (2: The system cannot find the file specified)
2022/07/30 16:43:18 [emerg] 6352#11636: CreateFile() "C:\Users\User\IdeaProjects\netology\src\netology\jd\springboot\lesson2\homework1\nginx/conf/nginx.conf" failed (2: The system cannot find the file specified)
2022/07/30 16:43:19 [emerg] 6160#11072: CreateFile() "C:\Users\User\IdeaProjects\netology\src\netology\jd\springboot\lesson2\homework1\nginx/conf/nginx.conf" failed (2: The system cannot find the file specified)
2022/07/30 16:43:22 [emerg] 10356#3644: CreateFile() "C:\Users\User\IdeaProjects\netology\src\netology\jd\springboot\lesson2\homework1\nginx/conf/nginx.conf" failed (2: The system cannot find the file specified)
2022/07/30 17:34:51 [emerg] 11604#5512: CreateFile() "C:\Users\User\IdeaProjects\netology\src\netology\jd\springboot\lesson2\homework1\nginx/conf/nginx.conf" failed (2: The system cannot find the file specified)
2022/07/30 17:34:51 [emerg] 12444#11964: CreateFile() "C:\Users\User\IdeaProjects\netology\src\netology\jd\springboot\lesson2\homework1\nginx/conf/nginx.conf" failed (2: The system cannot find the file specified)
2022/07/30 17:34:52 [emerg] 10832#2532: CreateFile() "C:\Users\User\IdeaProjects\netology\src\netology\jd\springboot\lesson2\homework1\nginx/conf/nginx.conf" failed (2: The system cannot find the file specified)
2022/07/30 17:36:21 [emerg] 5548#16200: CreateFile() "C:\Users\User\IdeaProjects\netology\src\netology\jd\springboot\lesson2\homework1\nginx/conf/nginx.conf" failed (2: The system cannot find the file specified)
2022/07/30 17:36:22 [emerg] 1560#4732: CreateFile() "C:\Users\User\IdeaProjects\netology\src\netology\jd\springboot\lesson2\homework1\nginx/conf/nginx.conf" failed (2: The system cannot find the file specified)
2022/07/30 17:36:25 [emerg] 3200#5568: CreateFile() "C:\Users\User\IdeaProjects\netology\src\netology\jd\springboot\lesson2\homework1\nginx/conf/nginx.conf" failed (2: The system cannot find the file specified)
2022/07/30 17:37:48 [error] 16260#15264: *1 CreateFile() "C:\Users\User\IdeaProjects\netology\src\netology\jd\springboot\lesson2\homework1\nginx/html/favicon.ico" failed (2: The system cannot find the file specified), client: 127.0.0.1, server: localhost, request: "GET /favicon.ico HTTP/1.1", host: "localhost", referrer: "http://localhost/"
2022/07/30 17:41:55 [emerg] 9692#6832: CreateFile() "C:\Users\User\IdeaProjects\netology\src\netology\jd\springboot\lesson2\homework1\nginx/conf/nginx.conf" failed (2: The system cannot find the file specified)
2022/07/30 17:41:57 [emerg] 14132#11980: CreateFile() "C:\Users\User\IdeaProjects\netology\src\netology\jd\springboot\lesson2\homework1\nginx/conf/nginx.conf" failed (2: The system cannot find the file specified)
2022/07/30 17:42:00 [emerg] 5668#13128: CreateFile() "C:\Users\User\IdeaProjects\netology\src\netology\jd\springboot\lesson2\homework1\nginx/conf/nginx.conf" failed (2: The system cannot find the file specified)
2022/07/30 17:42:11 [error] 16260#15264: *3 CreateFile() "C:\Users\User\IdeaProjects\netology\src\netology\jd\springboot\lesson2\homework1\nginx/html/authorize" failed (2: The system cannot find the file specified), client: 127.0.0.1, server: localhost, request: "GET /authorize?user=xcxc&password=xccxxc HTTP/1.1", host: "localhost", referrer: "http://localhost/"
2022/07/30 17:43:23 [emerg] 10448#13452: CreateFile() "C:\Users\User\IdeaProjects\netology\src\netology\jd\springboot\lesson2\homework1\nginx/conf/nginx.conf" failed (2: The system cannot find the file specified)
2022/07/30 17:43:24 [emerg] 16368#9808: CreateFile() "C:\Users\User\IdeaProjects\netology\src\netology\jd\springboot\lesson2\homework1\nginx/conf/nginx.conf" failed (2: The system cannot find the file specified)
2022/07/30 17:43:25 [emerg] 5028#2104: CreateFile() "C:\Users\User\IdeaProjects\netology\src\netology\jd\springboot\lesson2\homework1\nginx/conf/nginx.conf" failed (2: The system cannot find the file specified)
2022/07/30 17:44:16 [emerg] 1616#12700: invalid number of arguments in "proxy_pass" directive in C:\Users\User\IdeaProjects\netology\src\netology\jd\springboot\lesson2\homework1\nginx/conf/nginx.conf:18
2022/07/30 17:44:17 [emerg] 14368#7364: invalid number of arguments in "proxy_pass" directive in C:\Users\User\IdeaProjects\netology\src\netology\jd\springboot\lesson2\homework1\nginx/conf/nginx.conf:18
2022/07/30 17:44:23 [emerg] 14672#15076: invalid number of arguments in "proxy_pass" directive in C:\Users\User\IdeaProjects\netology\src\netology\jd\springboot\lesson2\homework1\nginx/conf/nginx.conf:18
2022/07/30 17:47:20 [emerg] 14620#7588: invalid number of arguments in "proxy_pass" directive in C:\Users\User\IdeaProjects\netology\src\netology\jd\springboot\lesson2\homework1\nginx/conf/nginx.conf:18
2022/07/30 17:47:23 [emerg] 13064#15288: invalid number of arguments in "proxy_pass" directive in C:\Users\User\IdeaProjects\netology\src\netology\jd\springboot\lesson2\homework1\nginx/conf/nginx.conf:18
2022/07/30 17:47:27 [emerg] 2696#12136: invalid number of arguments in "proxy_pass" directive in C:\Users\User\IdeaProjects\netology\src\netology\jd\springboot\lesson2\homework1\nginx/conf/nginx.conf:18
2022/07/30 17:52:10 [emerg] 7764#12668: "upstream" directive is not allowed here in C:\Users\User\IdeaProjects\netology\src\netology\jd\springboot\lesson2\homework1\nginx/conf/nginx.conf:17
2022/07/30 17:52:30 [emerg] 10696#1072: "upstream" directive is not allowed here in C:\Users\User\IdeaProjects\netology\src\netology\jd\springboot\lesson2\homework1\nginx/conf/nginx.conf:17
2022/07/30 17:53:41 [emerg] 7976#2624: "upstream" directive is not allowed here in C:\Users\User\IdeaProjects\netology\src\netology\jd\springboot\lesson2\homework1\nginx/conf/nginx.conf:17
2022/07/30 17:55:07 [emerg] 6808#12200: "upstream" directive is not allowed here in C:\Users\User\IdeaProjects\netology\src\netology\jd\springboot\lesson2\homework1\nginx/conf/nginx.conf:17
2022/07/30 17:55:17 [emerg] 10108#9852: "upstream" directive is not allowed here in C:\Users\User\IdeaProjects\netology\src\netology\jd\springboot\lesson2\homework1\nginx/conf/nginx.conf:17
2022/07/30 17:56:27 [emerg] 3648#15136: "upstream" directive is not allowed here in C:\Users\User\IdeaProjects\netology\src\netology\jd\springboot\lesson2\homework1\nginx/conf/nginx.conf:17
2022/07/30 17:56:28 [emerg] 9908#10584: "upstream" directive is not allowed here in C:\Users\User\IdeaProjects\netology\src\netology\jd\springboot\lesson2\homework1\nginx/conf/nginx.conf:17
2022/07/30 17:56:33 [emerg] 16336#4040: "upstream" directive is not allowed here in C:\Users\User\IdeaProjects\netology\src\netology\jd\springboot\lesson2\homework1\nginx/conf/nginx.conf:17
2022/07/30 17:57:07 [emerg] 6036#9532: "upstream" directive is not allowed here in C:\Users\User\IdeaProjects\netology\src\netology\jd\springboot\lesson2\homework1\nginx/conf/nginx.conf:17
2022/07/30 17:58:23 [emerg] 6032#6476: "upstream" directive is not allowed here in C:\Users\User\IdeaProjects\netology\src\netology\jd\springboot\lesson2\homework1\nginx/conf/nginx.conf:17
2022/07/30 18:01:32 [emerg] 9140#11252: "upstream" directive is not allowed here in C:\Users\User\IdeaProjects\netology\src\netology\jd\springboot\lesson2\homework1\nginx/conf/nginx.conf:17
2022/07/30 18:05:22 [emerg] 13716#6764: "location" directive is not allowed here in C:\Users\User\IdeaProjects\netology\src\netology\jd\springboot\lesson2\homework1\nginx/conf/nginx.conf:19
2022/07/30 18:10:49 [emerg] 12008#7984: invalid number of arguments in "proxy_pass" directive in C:\Users\User\IdeaProjects\netology\src\netology\jd\springboot\lesson2\homework1\nginx/conf/nginx.conf:24
2022/07/30 18:11:44 [error] 5760#15540: *1 CreateFile() "C:\Users\User\IdeaProjects\netology\src\netology\jd\springboot\lesson2\homework1\nginx/html/favicon.ico" failed (2: The system cannot find the file specified), client: 127.0.0.1, server: localhost, request: "GET /favicon.ico HTTP/1.1", host: "localhost", referrer: "http://localhost/"
2022/07/30 18:13:56 [emerg] 460#14124: "location" directive is not allowed here in C:\Users\User\IdeaProjects\netology\src\netology\jd\springboot\lesson2\homework1\nginx/conf/nginx.conf:28
2022/07/30 18:19:07 [emerg] 8748#5836: invalid URL prefix in C:\Users\User\IdeaProjects\netology\src\netology\jd\springboot\lesson2\homework1\nginx/conf/nginx.conf:28
2022/07/30 18:20:40 [emerg] 1048#3404: invalid URL prefix in C:\Users\User\IdeaProjects\netology\src\netology\jd\springboot\lesson2\homework1\nginx/conf/nginx.conf:28
2022/07/30 18:24:45 [error] 6300#11948: *1 CreateFile() "C:\Users\User\IdeaProjects\netology\src\netology\jd\springboot\lesson2\homework1\nginx/html/favicon.ico" failed (2: The system cannot find the file specified), client: 127.0.0.1, server: localhost, request: "GET /favicon.ico HTTP/1.1", host: "localhost", referrer: "http://localhost/"
2022/07/30 18:34:22 [error] 10796#8056: *1 CreateFile() "C:\Users\User\IdeaProjects\netology\src\netology\jd\springboot\lesson2\homework1\nginx/html/favicon.ico" failed (2: The system cannot find the file specified), client: 127.0.0.1, server: localhost, request: "GET /favicon.ico HTTP/1.1", host: "localhost", referrer: "http://localhost/"
2022/07/30 18:36:38 [error] 5896#7112: *1 CreateFile() "C:\Users\User\IdeaProjects\netology\src\netology\jd\springboot\lesson2\homework1\nginx/html/favicon.ico" failed (2: The system cannot find the file specified), client: 127.0.0.1, server: localhost, request: "GET /favicon.ico HTTP/1.1", host: "localhost", referrer: "http://localhost/"
2022/07/30 18:36:48 [error] 5896#7112: *1 connect() failed (10061: No connection could be made because the target machine actively refused it) while connecting to upstream, client: 127.0.0.1, server: localhost, request: "GET /authorize/?user=admin&password=admin HTTP/1.1", upstream: "http://[::1]:8080/authorize/?user=admin&password=admin", host: "localhost", referrer: "http://localhost/"
2022/07/30 18:36:51 [error] 5896#7112: *1 connect() failed (10061: No connection could be made because the target machine actively refused it) while connecting to upstream, client: 127.0.0.1, server: localhost, request: "GET /authorize/?user=admin&password=admin HTTP/1.1", upstream: "http://127.0.0.1:8080/authorize/?user=admin&password=admin", host: "localhost", referrer: "http://localhost/"
